[2026-04-13T02:06:30+0800] STAGE 1: VALIDATING IDENTITY [1776017190]...
Updated property [core/project].
[2026-04-13T02:06:31+0800] STAGE 2: ENABLING SOVEREIGN APIs...
Operation "operations/acat.p2-476494278754-46bd1911-928f-4542-9684-e0604ecc8d64" finished successfully.
[2026-04-13T02:06:35+0800] STAGE 3: BUILDING IMMUTABLE VPC [sovereign-vpc-1776017190]...
Created [https://www.googleapis.com/compute/v1/projects/cogctl-gke-v01/global/networks/sovereign-vpc-1776017190].
NAME                      SUBNET_MODE  BGP_ROUTING_MODE  IPV4_RANGE  GATEWAY_IPV4
sovereign-vpc-1776017190  CUSTOM       REGIONAL

Instances on this network will not be reachable until firewall rules
are created. As an example, you can allow all internal traffic between
instances as well as SSH, RDP, and ICMP by running:

$ gcloud compute firewall-rules create <FIREWALL_NAME> --network sovereign-vpc-1776017190 --allow tcp,udp,icmp --source-ranges <IP_RANGE>
$ gcloud compute firewall-rules create <FIREWALL_NAME> --network sovereign-vpc-1776017190 --allow tcp:22,tcp:3389,icmp

[2026-04-13T02:06:47+0800] STAGE 4: BUILDING SUBNET FABRIC (RANGE-AWARE)...
Created [https://www.googleapis.com/compute/v1/projects/cogctl-gke-v01/regions/us-central1/subnetworks/sovereign-subnet-1776017190].
NAME                         REGION       NETWORK                   RANGE         STACK_TYPE  IPV6_ACCESS_TYPE  INTERNAL_IPV6_PREFIX  EXTERNAL_IPV6_PREFIX
sovereign-subnet-1776017190  us-central1  sovereign-vpc-1776017190  10.10.0.0/24  IPV4_ONLY
[2026-04-13T02:07:06+0800] STAGE 5: PROVISIONING SOVEREIGN EGRESS (CLOUD NAT)...
Creating router [sovereign-router-1776017190]...
......done.
NAME                         REGION       NETWORK
sovereign-router-1776017190  us-central1  sovereign-vpc-1776017190
Creating NAT [sovereign-nat-1776017190] in router [sovereign-router-1776017190]...
............done.
[2026-04-13T02:07:19+0800] STAGE 6: ESTABLISHING SERVICE BRIDGE (PEERING)...
Created [https://www.googleapis.com/compute/v1/projects/cogctl-gke-v01/global/addresses/google-managed-services-sovereign-vpc-1776017190].
Operation "operations/pssn.p24-476494278754-c621f52f-089b-45b4-a454-fbfc269b8c84" finished successfully.
[2026-04-13T02:08:14+0800] STAGE 7: ESTABLISHING SECURITY PERIMETER...
Creating firewall...
..Created [https://www.googleapis.com/compute/v1/projects/cogctl-gke-v01/global/firewalls/sovereign-allow-internal-1776017190].
done.
NAME                                 NETWORK                   DIRECTION  PRIORITY  ALLOW         DENY  DISABLED
sovereign-allow-internal-1776017190  sovereign-vpc-1776017190  INGRESS    1000      tcp,udp,icmp        False
[2026-04-13T02:08:21+0800] STAGE 8: IGNITION - CREATING PRIVATE SOVEREIGN CLUSTER...
Note: This cluster has private nodes. If you need connectivity to the public internet, for example to pull public containers, you must configure Cloud NAT. To enable NAT for the network of this cluster, run the following commands: 
gcloud compute routers create my-router --region us-central1 --network default --project=cogctl-gke-v01 
gcloud beta compute routers nats create nat --router=my-router --region=us-central1 --auto-allocate-nat-external-ips --nat-all-subnet-ip-ranges --project=cogctl-gke-v01
Creating cluster sovereign-genesis-1776017190 in us-central1...
.....................................................................................................................................................................................................................................................................................................................................................................................................................................................................................................................................................................................................................................................................................................................................................................................................................................................................................................................................................................................................................................................................................................................................................................................................................................................................................................................................................................................................................................................................................................................................................................................................................................................................................................................................................................................................................................................................................................................................................................................................................................................................................................................................................................................................................................................................................................................................................................................................................................................................done.
Created [https://container.googleapis.com/v1/projects/cogctl-gke-v01/zones/us-central1/clusters/sovereign-genesis-1776017190].
To inspect the contents of your cluster, go to: https://console.cloud.google.com/kubernetes/workload_/gcloud/us-central1/sovereign-genesis-1776017190?project=cogctl-gke-v01
kubeconfig entry generated for sovereign-genesis-1776017190.
NAME                          LOCATION     MASTER_VERSION      MASTER_IP      MACHINE_TYPE   NODE_VERSION        NUM_NODES  STATUS
sovereign-genesis-1776017190  us-central1  1.35.1-gke.1396002  136.112.84.28  ek-standard-8  1.35.1-gke.1396002  3          RUNNING
[2026-04-13T02:16:25+0800] MISSION SUCCESS: Sovereign Genesis [1776017190] is RUNNING.
